`/mnt/landmark/land1km/layers1km/static/CHELSA_bio2_1981..2010_V.2.1.tif` -> `gaia/global/clm/clm_bioclim.var_chelsa.bio2_m_1km_s0..0cm_1981..2010_v2.1.tif`
Total: 0 B, Transferred: 71.31 MiB, Speed: 5.27 MiB/s
`/mnt/landmark/land1km/layers1km/static/CHELSA_bio1_1981..2010_V.2.1.tif` -> `gaia/global/clm/clm_bioclim.var_chelsa.bio1_m_1km_s0..0cm_1981..2010_v2.1.tif`
Total: 0 B, Transferred: 137.55 MiB, Speed: 3.06 MiB/s
`/mnt/landmark/land1km/layers1km/static/CHELSA_bio5_1981..2010_V.2.1.tif` -> `gaia/global/clm/clm_bioclim.var_chelsa.bio5_m_1km_s0..0cm_1981..2010_v2.1.tif`
Total: 0 B, Transferred: 157.31 MiB, Speed: 3.49 MiB/s
`/mnt/landmark/land1km/layers1km/static/CHELSA_bio6_1981..2010_V.2.1.tif` -> `gaia/global/clm/clm_bioclim.var_chelsa.bio6_m_1km_s0..0cm_1981..2010_v2.1.tif`
Total: 0 B, Transferred: 144.64 MiB, Speed: 4.56 MiB/s
`/mnt/landmark/land1km/layers1km/static/CHELSA_bio3_1981..2010_V.2.1.tif` -> `gaia/global/clm/clm_bioclim.var_chelsa.bio3_m_1km_s0..0cm_1981..2010_v2.1.tif`
Total: 0 B, Transferred: 341.30 MiB, Speed: 7.23 MiB/s
`/mnt/landmark/land1km/layers1km/static/CHELSA_bio4_1981..2010_V.2.1.tif` -> `gaia/global/clm/clm_bioclim.var_chelsa.bio4_m_1km_s0..0cm_1981..2010_v2.1.tif`
Total: 0 B, Transferred: 601.03 MiB, Speed: 11.15 MiB/s
`/mnt/landmark/land1km/layers1km/static/CHELSA_bio7_1981..2010_V.2.1.tif` -> `gaia/global/clm/clm_bioclim.var_chelsa.bio7_m_1km_s0..0cm_1981..2010_v2.1.tif`
Total: 0 B, Transferred: 157.59 MiB, Speed: 10.12 MiB/s
`/mnt/landmark/land1km/layers1km/static/CHELSA_bio8_1981..2010_V.2.1.tif` -> `gaia/global/clm/clm_bioclim.var_chelsa.bio8_m_1km_s0..0cm_1981..2010_v2.1.tif`
Total: 0 B, Transferred: 157.81 MiB, Speed: 9.36 MiB/s
`/mnt/landmark/land1km/layers1km/static/CHELSA_bio9_1981..2010_V.2.1.tif` -> `gaia/global/clm/clm_bioclim.var_chelsa.bio9_m_1km_s0..0cm_1981..2010_v2.1.tif`
Total: 0 B, Transferred: 149.90 MiB, Speed: 8.99 MiB/s
`/mnt/landmark/land1km/layers1km/static/CHELSA_bio10_1981..2010_V.2.1.tif` -> `gaia/global/clm/clm_bioclim.var_chelsa.bio10_m_1km_s0..0cm_1981..2010_v2.1.tif`
Total: 0 B, Transferred: 150.36 MiB, Speed: 9.93 MiB/s
`/mnt/landmark/land1km/layers1km/static/CHELSA_bio11_1981..2010_V.2.1.tif` -> `gaia/global/clm/clm_bioclim.var_chelsa.bio11_m_1km_s0..0cm_1981..2010_v2.1.tif`
Total: 0 B, Transferred: 137.80 MiB, Speed: 15.15 MiB/s
`/mnt/landmark/land1km/layers1km/static/CHELSA_bio14_1981..2010_V.2.1.tif` -> `gaia/global/clm/clm_bioclim.var_chelsa.bio14_m_1km_s0..0cm_1981..2010_v2.1.tif`
Total: 0 B, Transferred: 297.99 MiB, Speed: 3.94 MiB/s
`/mnt/landmark/land1km/layers1km/static/CHELSA_bio15_1981..2010_V.2.1.tif` -> `gaia/global/clm/clm_bioclim.var_chelsa.bio15_m_1km_s0..0cm_1981..2010_v2.1.tif`
Total: 0 B, Transferred: 280.44 MiB, Speed: 3.71 MiB/s
`/mnt/landmark/land1km/layers1km/static/CHELSA_bio13_1981..2010_V.2.1.tif` -> `gaia/global/clm/clm_bioclim.var_chelsa.bio13_m_1km_s0..0cm_1981..2010_v2.1.tif`
Total: 0 B, Transferred: 557.92 MiB, Speed: 6.28 MiB/s
`/mnt/landmark/land1km/layers1km/static/CHELSA_bio16_1981..2010_V.2.1.tif` -> `gaia/global/clm/clm_bioclim.var_chelsa.bio16_m_1km_s0..0cm_1981..2010_v2.1.tif`
Total: 0 B, Transferred: 850.77 MiB, Speed: 7.02 MiB/s
`/mnt/landmark/land1km/layers1km/static/CHELSA_gddlgd0_1981..2010_V.2.1.tif` -> `gaia/global/clm/clm_bioclim.var_chelsa.gddlgd0_m_1km_s0..0cm_1981..2010_v2.1.tif`
Total: 0 B, Transferred: 49.14 MiB, Speed: 5.22 MiB/s
`/mnt/landmark/land1km/layers1km/static/CHELSA_bio12_1981..2010_V.2.1.tif` -> `gaia/global/clm/clm_bioclim.var_chelsa.bio12_m_1km_s0..0cm_1981..2010_v2.1.tif`
Total: 0 B, Transferred: 1.12 GiB, Speed: 8.32 MiB/s
`/mnt/landmark/land1km/layers1km/static/CHELSA_bio17_1981..2010_V.2.1.tif` -> `gaia/global/clm/clm_bioclim.var_chelsa.bio17_m_1km_s0..0cm_1981..2010_v2.1.tif`
Total: 0 B, Transferred: 591.74 MiB, Speed: 9.35 MiB/s
`/mnt/landmark/land1km/layers1km/static/CHELSA_gddlgd5_1981..2010_V.2.1.tif` -> `gaia/global/clm/clm_bioclim.var_chelsa.gddlgd5_m_1km_s0..0cm_1981..2010_v2.1.tif`
Total: 0 B, Transferred: 58.10 MiB, Speed: 6.57 MiB/s
`/mnt/landmark/land1km/layers1km/static/CHELSA_bio18_1981..2010_V.2.1.tif` -> `gaia/global/clm/clm_bioclim.var_chelsa.bio18_m_1km_s0..0cm_1981..2010_v2.1.tif`
Total: 0 B, Transferred: 781.03 MiB, Speed: 11.71 MiB/s
`/mnt/landmark/land1km/layers1km/static/CHELSA_bio19_1981..2010_V.2.1.tif` -> `gaia/global/clm/clm_bioclim.var_chelsa.bio19_m_1km_s0..0cm_1981..2010_v2.1.tif`
Total: 0 B, Transferred: 693.96 MiB, Speed: 12.70 MiB/s
`/mnt/landmark/land1km/layers1km/static/CHELSA_gddlgd10_1981..2010_V.2.1.tif` -> `gaia/global/clm/clm_bioclim.var_chelsa.gddlgd10_m_1km_s0..0cm_1981..2010_v2.1.tif`
Total: 0 B, Transferred: 63.27 MiB, Speed: 6.76 MiB/s
`/mnt/landmark/land1km/layers1km/static/CHELSA_gdgfgd0_1981..2010_V.2.1.tif` -> `gaia/global/clm/clm_bioclim.var_chelsa.gdgfgd0_m_1km_s0..0cm_1981..2010_v2.1.tif`
Total: 0 B, Transferred: 50.85 MiB, Speed: 4.71 MiB/s
`/mnt/landmark/land1km/layers1km/static/CHELSA_gdgfgd5_1981..2010_V.2.1.tif` -> `gaia/global/clm/clm_bioclim.var_chelsa.gdgfgd5_m_1km_s0..0cm_1981..2010_v2.1.tif`
Total: 0 B, Transferred: 59.95 MiB, Speed: 4.74 MiB/s
`/mnt/landmark/land1km/layers1km/static/CHELSA_gdgfgd10_1981..2010_V.2.1.tif` -> `gaia/global/clm/clm_bioclim.var_chelsa.gdgfgd10_m_1km_s0..0cm_1981..2010_v2.1.tif`
Total: 0 B, Transferred: 65.86 MiB, Speed: 4.47 MiB/s
`/mnt/landmark/land1km/layers1km/static/CHELSA_gdd0_1981..2010_V.2.1.tif` -> `gaia/global/clm/clm_bioclim.var_chelsa.gdd0_m_1km_s0..0cm_1981..2010_v2.1.tif`
Total: 0 B, Transferred: 794.32 MiB, Speed: 12.36 MiB/s
`/mnt/landmark/land1km/layers1km/static/CHELSA_gdd5_1981..2010_V.2.1.tif` -> `gaia/global/clm/clm_bioclim.var_chelsa.gdd5_m_1km_s0..0cm_1981..2010_v2.1.tif`
Total: 0 B, Transferred: 724.51 MiB, Speed: 11.55 MiB/s
`/mnt/landmark/land1km/layers1km/static/CHELSA_lgd_1981..2010_V.2.1.tif` -> `gaia/global/clm/clm_bioclim.var_chelsa.lgd_m_1km_s0..0cm_1981..2010_v2.1.tif`
Total: 0 B, Transferred: 90.14 MiB, Speed: 4.32 MiB/s
`/mnt/landmark/land1km/layers1km/static/CHELSA_ngd0_1981..2010_V.2.1.tif` -> `gaia/global/clm/clm_bioclim.var_chelsa.ngd0_m_1km_s0..0cm_1981..2010_v2.1.tif`
Total: 0 B, Transferred: 70.70 MiB, Speed: 4.66 MiB/s
`/mnt/landmark/land1km/layers1km/static/CHELSA_gsl_1981..2010_V.2.1.tif` -> `gaia/global/clm/clm_bioclim.var_chelsa.gsl_m_1km_s0..0cm_1981..2010_v2.1.tif`
Total: 0 B, Transferred: 1.44 GiB, Speed: 15.47 MiB/s
`/mnt/landmark/land1km/layers1km/static/CHELSA_ngd5_1981..2010_V.2.1.tif` -> `gaia/global/clm/clm_bioclim.var_chelsa.ngd5_m_1km_s0..0cm_1981..2010_v2.1.tif`
Total: 0 B, Transferred: 82.07 MiB, Speed: 4.62 MiB/s
`/mnt/landmark/land1km/layers1km/static/CHELSA_scd_1981..2010_V.2.1.tif` -> `gaia/global/clm/clm_bioclim.var_chelsa.scd_m_1km_s0..0cm_1981..2010_v2.1.tif`
Total: 0 B, Transferred: 75.33 MiB, Speed: 3.97 MiB/s
`/mnt/landmark/land1km/layers1km/static/CHELSA_swe_1981..2010_V.2.1.tif` -> `gaia/global/clm/clm_bioclim.var_chelsa.swe_m_1km_s0..0cm_1981..2010_v2.1.tif`
Total: 0 B, Transferred: 280.08 MiB, Speed: 10.11 MiB/s
`/mnt/landmark/land1km/layers1km/static/CHELSA_gst_1981..2010_V.2.1.tif` -> `gaia/global/clm/clm_bioclim.var_chelsa.gst_m_1km_s0..0cm_1981..2010_v2.1.tif`
Total: 0 B, Transferred: 1.44 GiB, Speed: 14.57 MiB/s
`/mnt/landmark/land1km/layers1km/static/CHELSA_gdd10_1981..2010_V.2.1.tif` -> `gaia/global/clm/clm_bioclim.var_chelsa.gdd10_m_1km_s0..0cm_1981..2010_v2.1.tif`
Total: 0 B, Transferred: 2.88 GiB, Speed: 14.61 MiB/s
`/mnt/landmark/land1km/layers1km/static/CHELSA_ngd10_1981..2010_V.2.1.tif` -> `gaia/global/clm/clm_bioclim.var_chelsa.ngd10_m_1km_s0..0cm_1981..2010_v2.1.tif`
Total: 0 B, Transferred: 1.44 GiB, Speed: 16.16 MiB/s
`/mnt/landmark/land1km/layers1km/static/CHELSA_gsp_1981..2010_V.2.1.tif` -> `gaia/global/clm/clm_bioclim.var_chelsa.gsp_m_1km_s0..0cm_1981..2010_v2.1.tif`
Total: 0 B, Transferred: 2.88 GiB, Speed: 15.81 MiB/s
`/mnt/landmark/land1km/layers1km/static/CHELSA_npp_1981..2010_V.2.1.tif` -> `gaia/global/clm/clm_bioclim.var_chelsa.npp_m_1km_s0..0cm_1981..2010_v2.1.tif`
Total: 0 B, Transferred: 728.87 MiB, Speed: 13.54 MiB/s
